{
  "stats": {
    "suites": 4,
    "tests": 22,
    "passes": 20,
    "pending": 0,
    "failures": 2,
    "testsRegistered": 22,
    "passPercent": 90.9090909090909,
    "pendingPercent": 0,
    "other": 0,
    "hasOther": false,
    "skipped": 0,
    "hasSkipped": false,
    "start": "2025-12-02T18:31:47.512Z",
    "end": "2025-12-02T18:33:04.882Z",
    "duration": 77370
  },
  "results": [
    {
      "uuid": "05b2bff1-60e4-44ef-a796-0045ebf9980d",
      "title": "",
      "fullFile": "cypress/e2e/pose-studio.cy.ts",
      "file": "cypress/e2e/pose-studio.cy.ts",
      "beforeHooks": [],
      "afterHooks": [],
      "tests": [],
      "suites": [
        {
          "uuid": "41255a0d-0832-48d6-aa23-b6da5659ba29",
          "title": "Pose Studio Page",
          "fullFile": "",
          "file": "",
          "beforeHooks": [],
          "afterHooks": [],
          "tests": [
            {
              "title": "loads the Pose Studio page",
              "fullTitle": "Pose Studio Page loads the Pose Studio page",
              "timedOut": null,
              "duration": 502,
              "state": "passed",
              "speed": "fast",
              "pass": true,
              "fail": false,
              "pending": false,
              "context": "\"screenshots/pose-studio.cy.ts/loads the Pose Studio page - final.png\"",
              "code": "cy.contains('Pose Studio').should('be.visible');\ncy.contains('Extract, manage, and test pose data').should('be.visible');",
              "err": {},
              "uuid": "e734a147-3745-4e55-a16d-ee468c62c01c",
              "parentUUID": "41255a0d-0832-48d6-aa23-b6da5659ba29",
              "isHook": false,
              "skipped": false
            },
            {
              "title": "displays the Extract Poses card",
              "fullTitle": "Pose Studio Page displays the Extract Poses card",
              "timedOut": null,
              "duration": 148,
              "state": "passed",
              "speed": "fast",
              "pass": true,
              "fail": false,
              "pending": false,
              "context": "\"screenshots/pose-studio.cy.ts/displays the Extract Poses card - final.png\"",
              "code": "cy.contains('Extract Poses').should('be.visible');\ncy.get('.drop-zone').should('exist');\ncy.contains('Click to select video').should('be.visible');",
              "err": {},
              "uuid": "564e5369-03e4-4dcf-bce3-385945ca103b",
              "parentUUID": "41255a0d-0832-48d6-aa23-b6da5659ba29",
              "isHook": false,
              "skipped": false
            },
            {
              "title": "displays the Preview card",
              "fullTitle": "Pose Studio Page displays the Preview card",
              "timedOut": null,
              "duration": 144,
              "state": "passed",
              "speed": "fast",
              "pass": true,
              "fail": false,
              "pending": false,
              "context": "\"screenshots/pose-studio.cy.ts/displays the Preview card - final.png\"",
              "code": "cy.contains('Preview').should('be.visible');\ncy.contains('No pose track').should('be.visible');",
              "err": {},
              "uuid": "9ae67236-183c-4722-a9c9-07d10acc6392",
              "parentUUID": "41255a0d-0832-48d6-aa23-b6da5659ba29",
              "isHook": false,
              "skipped": false
            },
            {
              "title": "shows empty state for saved pose tracks when none exist",
              "fullTitle": "Pose Studio Page shows empty state for saved pose tracks when none exist",
              "timedOut": null,
              "duration": 158,
              "state": "passed",
              "speed": "fast",
              "pass": true,
              "fail": false,
              "pending": false,
              "context": "\"screenshots/pose-studio.cy.ts/shows empty state for saved pose tracks when none exist - final.png\"",
              "code": "cy.contains('Saved Pose Tracks').should('be.visible');\ncy.contains('0 files').should('be.visible');\ncy.contains('No saved pose tracks yet').should('be.visible');",
              "err": {},
              "uuid": "84098770-a00d-437a-a1af-e38f59dd5c66",
              "parentUUID": "41255a0d-0832-48d6-aa23-b6da5659ba29",
              "isHook": false,
              "skipped": false
            },
            {
              "title": "has navigation links",
              "fullTitle": "Pose Studio Page has navigation links",
              "timedOut": null,
              "duration": 124,
              "state": "passed",
              "speed": "fast",
              "pass": true,
              "fail": false,
              "pending": false,
              "context": "\"screenshots/pose-studio.cy.ts/has navigation links - final.png\"",
              "code": "cy.get('.pose-studio-nav').within(() => {\n    cy.contains('Analyzer').should('have.attr', 'href', '/');\n    cy.contains('Pose Studio').should('have.attr', 'href', '/poses');\n    cy.contains('Debug').should('have.attr', 'href', '/debug');\n});",
              "err": {},
              "uuid": "8150dee7-57bf-4645-8907-f4ee70d0088c",
              "parentUUID": "41255a0d-0832-48d6-aa23-b6da5659ba29",
              "isHook": false,
              "skipped": false
            },
            {
              "title": "navigates to main analyzer",
              "fullTitle": "Pose Studio Page navigates to main analyzer",
              "timedOut": null,
              "duration": 10446,
              "state": "failed",
              "speed": null,
              "pass": false,
              "fail": true,
              "pending": false,
              "context": "\"screenshots/pose-studio.cy.ts/Pose Studio Page -- navigates to main analyzer (failed).png\"",
              "code": "cy.contains('Analyzer').click();\ncy.url().should('eq', `${Cypress.config().baseUrl}/`);\ncy.contains('h1', 'Swing Analyzer').should('be.visible');",
              "err": {
                "message": "AssertionError: Timed out retrying after 10000ms: expected 'https://localhost:5173/poses' to equal 'https://localhost:5173/'",
                "estack": "AssertionError: Timed out retrying after 10000ms: expected 'https://localhost:5173/poses' to equal 'https://localhost:5173/'\n    at Context.eval (webpack://swing-analyzer/./cypress/e2e/pose-studio.cy.ts:39:13)",
                "diff": "- 'https://localhost:5173/poses'\n+ 'https://localhost:5173/'\n"
              },
              "uuid": "7b263708-b1a8-4031-882b-f2beb09ef6ef",
              "parentUUID": "41255a0d-0832-48d6-aa23-b6da5659ba29",
              "isHook": false,
              "skipped": false
            },
            {
              "title": "has model selector",
              "fullTitle": "Pose Studio Page has model selector",
              "timedOut": null,
              "duration": 288,
              "state": "passed",
              "speed": "fast",
              "pass": true,
              "fail": false,
              "pending": false,
              "context": "\"screenshots/pose-studio.cy.ts/has model selector - final.png\"",
              "code": "// PoseModelSelector should be present\ncy.get('.pose-model-selector, select').should('exist');",
              "err": {},
              "uuid": "23a0d712-6f37-4eaf-b868-34cddd0669cb",
              "parentUUID": "41255a0d-0832-48d6-aa23-b6da5659ba29",
              "isHook": false,
              "skipped": false
            },
            {
              "title": "has Extract Poses button (initially disabled without video)",
              "fullTitle": "Pose Studio Page has Extract Poses button (initially disabled without video)",
              "timedOut": null,
              "duration": 137,
              "state": "passed",
              "speed": "fast",
              "pass": true,
              "fail": false,
              "pending": false,
              "context": "\"screenshots/pose-studio.cy.ts/has Extract Poses button (initially disabled without video) - final.png\"",
              "code": "cy.contains('button', 'Extract Poses').should('be.disabled');",
              "err": {},
              "uuid": "5637bf87-cd5d-48dd-a285-62678ad54c9a",
              "parentUUID": "41255a0d-0832-48d6-aa23-b6da5659ba29",
              "isHook": false,
              "skipped": false
            }
          ],
          "suites": [],
          "passes": [
            "e734a147-3745-4e55-a16d-ee468c62c01c",
            "564e5369-03e4-4dcf-bce3-385945ca103b",
            "9ae67236-183c-4722-a9c9-07d10acc6392",
            "84098770-a00d-437a-a1af-e38f59dd5c66",
            "8150dee7-57bf-4645-8907-f4ee70d0088c",
            "23a0d712-6f37-4eaf-b868-34cddd0669cb",
            "5637bf87-cd5d-48dd-a285-62678ad54c9a"
          ],
          "failures": [
            "7b263708-b1a8-4031-882b-f2beb09ef6ef"
          ],
          "pending": [],
          "skipped": [],
          "duration": 11947,
          "root": false,
          "rootEmpty": false,
          "_timeout": 2000
        }
      ],
      "passes": [],
      "failures": [],
      "pending": [],
      "skipped": [],
      "duration": 0,
      "root": true,
      "rootEmpty": true,
      "_timeout": 2000
    },
    {
      "uuid": "033b5fa1-6051-4994-8d0c-ee87d48358ec",
      "title": "",
      "fullFile": "cypress/e2e/pose-track-loading.cy.ts",
      "file": "cypress/e2e/pose-track-loading.cy.ts",
      "beforeHooks": [],
      "afterHooks": [],
      "tests": [],
      "suites": [
        {
          "uuid": "30fb09aa-332c-4bd7-9ca7-389b306b59da",
          "title": "Pose Track Fixture Loading",
          "fullFile": "",
          "file": "",
          "beforeHooks": [],
          "afterHooks": [],
          "tests": [
            {
              "title": "can load a pose track fixture into IndexedDB",
              "fullTitle": "Pose Track Fixture Loading can load a pose track fixture into IndexedDB",
              "timedOut": null,
              "duration": 458,
              "state": "passed",
              "speed": "fast",
              "pass": true,
              "fail": false,
              "pending": false,
              "context": "\"screenshots/pose-track-loading.cy.ts/can load a pose track fixture into IndexedDB - final.png\"",
              "code": "// Load the fixture\ncy.loadPoseTrackFixture();\n// Visit pose studio and verify the track appears\ncy.visit('/poses');\n// Should show 1 file instead of 0\ncy.contains('1 files').should('be.visible');\n// Should show the video name from the fixture\ncy.contains('swing-sample.mp4').should('be.visible');",
              "err": {},
              "uuid": "a2feacca-3151-4026-a8a0-685938f037d0",
              "parentUUID": "30fb09aa-332c-4bd7-9ca7-389b306b59da",
              "isHook": false,
              "skipped": false
            },
            {
              "title": "displays pose track metadata correctly",
              "fullTitle": "Pose Track Fixture Loading displays pose track metadata correctly",
              "timedOut": null,
              "duration": 190,
              "state": "passed",
              "speed": "fast",
              "pass": true,
              "fail": false,
              "pending": false,
              "context": "\"screenshots/pose-track-loading.cy.ts/displays pose track metadata correctly - final.png\"",
              "code": "cy.loadPoseTrackFixture();\ncy.visit('/poses');\n// Check the file card shows correct info\ncy.get('.file-card').within(() => {\n    cy.contains('swing-sample.mp4').should('be.visible');\n    cy.contains('Lightning').should('be.visible'); // movenet-lightning\n    cy.contains('30 frames').should('be.visible');\n    cy.contains('10.0s').should('be.visible');\n});",
              "err": {},
              "uuid": "218e47b2-3bba-45c6-8759-14508d2c6d94",
              "parentUUID": "30fb09aa-332c-4bd7-9ca7-389b306b59da",
              "isHook": false,
              "skipped": false
            },
            {
              "title": "can test (analyze) a saved pose track",
              "fullTitle": "Pose Track Fixture Loading can test (analyze) a saved pose track",
              "timedOut": null,
              "duration": 206,
              "state": "passed",
              "speed": "fast",
              "pass": true,
              "fail": false,
              "pending": false,
              "context": "\"screenshots/pose-track-loading.cy.ts/can test (analyze) a saved pose track - final.png\"",
              "code": "cy.loadPoseTrackFixture();\ncy.visit('/poses');\n// Click the Test button\ncy.contains('button', 'Test').click();\n// Should show an alert with analysis results\ncy.on('window:alert', (text) => {\n    expect(text).to.include('Analysis Results');\n    expect(text).to.include('Total Frames');\n});",
              "err": {},
              "uuid": "7418c989-2abf-4ec5-b703-317666032b8b",
              "parentUUID": "30fb09aa-332c-4bd7-9ca7-389b306b59da",
              "isHook": false,
              "skipped": false
            },
            {
              "title": "can delete a saved pose track",
              "fullTitle": "Pose Track Fixture Loading can delete a saved pose track",
              "timedOut": null,
              "duration": 255,
              "state": "passed",
              "speed": "fast",
              "pass": true,
              "fail": false,
              "pending": false,
              "context": "\"screenshots/pose-track-loading.cy.ts/can delete a saved pose track - final.png\"",
              "code": "cy.loadPoseTrackFixture();\ncy.visit('/poses');\n// Should show 1 file\ncy.contains('1 files').should('be.visible');\n// Click delete button (the trash icon button)\ncy.get('.btn-danger').click();\n// Confirm the deletion\ncy.on('window:confirm', () => true);\n// Should now show 0 files\ncy.contains('0 files').should('be.visible');\ncy.contains('No saved pose tracks yet').should('be.visible');",
              "err": {},
              "uuid": "fba5e101-dcb8-4bb7-b5db-e4d33275f925",
              "parentUUID": "30fb09aa-332c-4bd7-9ca7-389b306b59da",
              "isHook": false,
              "skipped": false
            },
            {
              "title": "shows download button for saved pose tracks",
              "fullTitle": "Pose Track Fixture Loading shows download button for saved pose tracks",
              "timedOut": null,
              "duration": 189,
              "state": "passed",
              "speed": "fast",
              "pass": true,
              "fail": false,
              "pending": false,
              "context": "\"screenshots/pose-track-loading.cy.ts/shows download button for saved pose tracks - final.png\"",
              "code": "cy.loadPoseTrackFixture();\ncy.visit('/poses');\n// Find download button by its SVG path (download icon)\ncy.get('.file-card').within(() => {\n    cy.get('button[title=\"Download\"]').should('exist');\n});",
              "err": {},
              "uuid": "0a330f76-63ed-45c9-b6a6-3cee4e5c4cc6",
              "parentUUID": "30fb09aa-332c-4bd7-9ca7-389b306b59da",
              "isHook": false,
              "skipped": false
            },
            {
              "title": "clears pose tracks correctly",
              "fullTitle": "Pose Track Fixture Loading clears pose tracks correctly",
              "timedOut": null,
              "duration": 249,
              "state": "passed",
              "speed": "fast",
              "pass": true,
              "fail": false,
              "pending": false,
              "context": "\"screenshots/pose-track-loading.cy.ts/clears pose tracks correctly - final.png\"",
              "code": "// First load a fixture\ncy.loadPoseTrackFixture();\ncy.visit('/poses');\ncy.contains('1 files').should('be.visible');\n// Clear and reload\ncy.clearPoseTracks();\ncy.reload();\n// Should be empty\ncy.contains('0 files').should('be.visible');",
              "err": {},
              "uuid": "fd14c427-6c27-49ef-93a4-1f89321d1f2a",
              "parentUUID": "30fb09aa-332c-4bd7-9ca7-389b306b59da",
              "isHook": false,
              "skipped": false
            }
          ],
          "suites": [],
          "passes": [
            "a2feacca-3151-4026-a8a0-685938f037d0",
            "218e47b2-3bba-45c6-8759-14508d2c6d94",
            "7418c989-2abf-4ec5-b703-317666032b8b",
            "fba5e101-dcb8-4bb7-b5db-e4d33275f925",
            "0a330f76-63ed-45c9-b6a6-3cee4e5c4cc6",
            "fd14c427-6c27-49ef-93a4-1f89321d1f2a"
          ],
          "failures": [],
          "pending": [],
          "skipped": [],
          "duration": 1547,
          "root": false,
          "rootEmpty": false,
          "_timeout": 2000
        }
      ],
      "passes": [],
      "failures": [],
      "pending": [],
      "skipped": [],
      "duration": 0,
      "root": true,
      "rootEmpty": true,
      "_timeout": 2000
    },
    {
      "uuid": "af810629-f201-4e78-bf29-8fe67fe4fb5c",
      "title": "",
      "fullFile": "cypress/e2e/video-controls.cy.ts",
      "file": "cypress/e2e/video-controls.cy.ts",
      "beforeHooks": [],
      "afterHooks": [],
      "tests": [],
      "suites": [
        {
          "uuid": "0e9e97f8-d825-4441-b286-c8e156c8ab64",
          "title": "Video Controls",
          "fullFile": "",
          "file": "",
          "beforeHooks": [],
          "afterHooks": [],
          "tests": [
            {
              "title": "loads hardcoded sample video when Sample button is clicked",
              "fullTitle": "Video Controls loads hardcoded sample video when Sample button is clicked",
              "timedOut": null,
              "duration": 418,
              "state": "passed",
              "speed": "fast",
              "pass": true,
              "fail": false,
              "pending": false,
              "context": "\"screenshots/video-controls.cy.ts/loads hardcoded sample video when Sample button is clicked - final.png\"",
              "code": "cy.get('#load-hardcoded-btn').click();\n// Video should have a source\ncy.getVideoElement()\n    .should('have.prop', 'src')\n    .and('include', 'swing-sample.mp4');",
              "err": {},
              "uuid": "0d9921d4-717e-46af-bf58-2839c883d523",
              "parentUUID": "0e9e97f8-d825-4441-b286-c8e156c8ab64",
              "isHook": false,
              "skipped": false
            },
            {
              "title": "can toggle play/pause on loaded video",
              "fullTitle": "Video Controls can toggle play/pause on loaded video",
              "timedOut": null,
              "duration": 267,
              "state": "passed",
              "speed": "fast",
              "pass": true,
              "fail": false,
              "pending": false,
              "context": "\"screenshots/video-controls.cy.ts/can toggle play/pause on loaded video - final.png\"",
              "code": "// Load the sample video first\ncy.get('#load-hardcoded-btn').click();\n// Wait for video to load\ncy.getVideoElement().should('have.prop', 'readyState').and('be.gte', 2);\n// The video controls might be disabled if model isn't loaded\n// but we can still verify the buttons exist\ncy.get('#play-pause-btn').should('exist');",
              "err": {},
              "uuid": "e8a361fa-aece-4b76-a568-f15b5470059f",
              "parentUUID": "0e9e97f8-d825-4441-b286-c8e156c8ab64",
              "isHook": false,
              "skipped": false
            },
            {
              "title": "shows filmstrip section",
              "fullTitle": "Video Controls shows filmstrip section",
              "timedOut": null,
              "duration": 183,
              "state": "passed",
              "speed": "fast",
              "pass": true,
              "fail": false,
              "pending": false,
              "context": "\"screenshots/video-controls.cy.ts/shows filmstrip section - final.png\"",
              "code": "cy.get('.filmstrip-section').should('exist');\ncy.get('.filmstrip-container').should('exist');",
              "err": {},
              "uuid": "bfa30978-2e4e-4fac-9353-4e9a8530183f",
              "parentUUID": "0e9e97f8-d825-4441-b286-c8e156c8ab64",
              "isHook": false,
              "skipped": false
            },
            {
              "title": "shows file input for video upload",
              "fullTitle": "Video Controls shows file input for video upload",
              "timedOut": null,
              "duration": 137,
              "state": "passed",
              "speed": "fast",
              "pass": true,
              "fail": false,
              "pending": false,
              "context": "\"screenshots/video-controls.cy.ts/shows file input for video upload - final.png\"",
              "code": "cy.get('input#video-upload[type=\"file\"]').should('exist');\ncy.get('label.file-label').should('contain', 'File');",
              "err": {},
              "uuid": "d9dbfa90-0a46-488e-895a-f16eff31092b",
              "parentUUID": "0e9e97f8-d825-4441-b286-c8e156c8ab64",
              "isHook": false,
              "skipped": false
            }
          ],
          "suites": [],
          "passes": [
            "0d9921d4-717e-46af-bf58-2839c883d523",
            "e8a361fa-aece-4b76-a568-f15b5470059f",
            "bfa30978-2e4e-4fac-9353-4e9a8530183f",
            "d9dbfa90-0a46-488e-895a-f16eff31092b"
          ],
          "failures": [],
          "pending": [],
          "skipped": [],
          "duration": 1005,
          "root": false,
          "rootEmpty": false,
          "_timeout": 2000
        }
      ],
      "passes": [],
      "failures": [],
      "pending": [],
      "skipped": [],
      "duration": 0,
      "root": true,
      "rootEmpty": true,
      "_timeout": 2000
    },
    {
      "uuid": "64d817d7-8e04-4731-a3f4-393255d4caf7",
      "title": "",
      "fullFile": "cypress/e2e/main-page.cy.ts",
      "file": "cypress/e2e/main-page.cy.ts",
      "beforeHooks": [],
      "afterHooks": [],
      "tests": [],
      "suites": [
        {
          "uuid": "90366935-09de-41c5-88d0-f8760588ac9f",
          "title": "Swing Analyzer Main Page",
          "fullFile": "",
          "file": "",
          "beforeHooks": [],
          "afterHooks": [],
          "tests": [
            {
              "title": "loads the application and displays the main UI elements",
              "fullTitle": "Swing Analyzer Main Page loads the application and displays the main UI elements",
              "timedOut": null,
              "duration": 801,
              "state": "passed",
              "speed": "fast",
              "pass": true,
              "fail": false,
              "pending": false,
              "context": "\"screenshots/main-page.cy.ts/loads the application and displays the main UI elements - final.png\"",
              "code": "// Header\ncy.contains('h1', 'Swing Analyzer').should('be.visible');\n// Top controls\ncy.get('#load-hardcoded-btn').should('be.visible').and('contain', 'Sample');\ncy.get('#camera-btn').should('be.visible').and('contain', 'Camera');\ncy.get('input[type=\"file\"]#video-upload').should('exist');\n// Video container\ncy.get('.video-container').should('exist');\ncy.getVideoElement().should('exist');\ncy.getCanvasElement().should('exist');",
              "err": {},
              "uuid": "474c8889-c7f2-4a39-81a2-781803fb97fd",
              "parentUUID": "90366935-09de-41c5-88d0-f8760588ac9f",
              "isHook": false,
              "skipped": false
            },
            {
              "title": "displays video controls",
              "fullTitle": "Swing Analyzer Main Page displays video controls",
              "timedOut": null,
              "duration": 156,
              "state": "passed",
              "speed": "fast",
              "pass": true,
              "fail": false,
              "pending": false,
              "context": "\"screenshots/main-page.cy.ts/displays video controls - final.png\"",
              "code": "cy.get('#prev-frame-btn').should('exist');\ncy.get('#play-pause-btn').should('exist');\ncy.get('#next-frame-btn').should('exist');\ncy.get('#stop-btn').should('exist');",
              "err": {},
              "uuid": "63011380-4fff-477b-9cca-740a46db2e49",
              "parentUUID": "90366935-09de-41c5-88d0-f8760588ac9f",
              "isHook": false,
              "skipped": false
            },
            {
              "title": "has settings button that opens settings modal",
              "fullTitle": "Swing Analyzer Main Page has settings button that opens settings modal",
              "timedOut": null,
              "duration": 10436,
              "state": "failed",
              "speed": null,
              "pass": false,
              "fail": true,
              "pending": false,
              "context": "\"screenshots/main-page.cy.ts/Swing Analyzer Main Page -- has settings button that opens settings modal (failed).png\"",
              "code": "cy.get('button[aria-label=\"Open settings\"]').click();\ncy.contains('Settings').should('be.visible');",
              "err": {
                "message": "AssertionError: Timed out retrying after 10000ms: expected '<button>' to be 'visible'\n\nThis element `<button>` is not visible because it has CSS property: `position: fixed` and it's being covered by another element:\n\n`<div class=\"settings-overlay\" role=\"dialog\" aria-modal=\"true\" aria-labelledby=\"settings-title\">...</div>`",
                "estack": "AssertionError: Timed out retrying after 10000ms: expected '<button>' to be 'visible'\n\nThis element `<button>` is not visible because it has CSS property: `position: fixed` and it's being covered by another element:\n\n`<div class=\"settings-overlay\" role=\"dialog\" aria-modal=\"true\" aria-labelledby=\"settings-title\">...</div>`\n    at Context.eval (webpack://swing-analyzer/./cypress/e2e/main-page.cy.ts:30:28)",
                "diff": null
              },
              "uuid": "c9c4344a-f74c-4e17-87e6-ae9686566a1c",
              "parentUUID": "90366935-09de-41c5-88d0-f8760588ac9f",
              "isHook": false,
              "skipped": false
            },
            {
              "title": "shows analysis section with rep count",
              "fullTitle": "Swing Analyzer Main Page shows analysis section with rep count",
              "timedOut": null,
              "duration": 262,
              "state": "passed",
              "speed": "fast",
              "pass": true,
              "fail": false,
              "pending": false,
              "context": "\"screenshots/main-page.cy.ts/shows analysis section with rep count - final.png\"",
              "code": "cy.get('.analysis-section').should('exist');",
              "err": {},
              "uuid": "ffb23dcf-adb0-4971-9ed1-7e27c3d85bc0",
              "parentUUID": "90366935-09de-41c5-88d0-f8760588ac9f",
              "isHook": false,
              "skipped": false
            }
          ],
          "suites": [],
          "passes": [
            "474c8889-c7f2-4a39-81a2-781803fb97fd",
            "63011380-4fff-477b-9cca-740a46db2e49",
            "ffb23dcf-adb0-4971-9ed1-7e27c3d85bc0"
          ],
          "failures": [
            "c9c4344a-f74c-4e17-87e6-ae9686566a1c"
          ],
          "pending": [],
          "skipped": [],
          "duration": 11655,
          "root": false,
          "rootEmpty": false,
          "_timeout": 2000
        }
      ],
      "passes": [],
      "failures": [],
      "pending": [],
      "skipped": [],
      "duration": 0,
      "root": true,
      "rootEmpty": true,
      "_timeout": 2000
    }
  ],
  "meta": {
    "mocha": {
      "version": "7.2.0"
    },
    "mochawesome": {
      "options": {
        "quiet": false,
        "reportFilename": "mochawesome",
        "saveHtml": true,
        "saveJson": true,
        "consoleReporter": "spec",
        "useInlineDiffs": false,
        "code": true
      },
      "version": "7.1.4"
    },
    "marge": {
      "options": {
        "reportDir": "cypress/reports",
        "overwrite": false,
        "html": true,
        "json": true,
        "embeddedScreenshots": true,
        "inlineAssets": true
      },
      "version": "6.3.2"
    }
  }
}