{
  "stats": {
    "suites": 1,
    "tests": 4,
    "passes": 4,
    "pending": 0,
    "failures": 0,
    "start": "2025-12-02T18:33:02.941Z",
    "end": "2025-12-02T18:33:04.882Z",
    "duration": 1941,
    "testsRegistered": 4,
    "passPercent": 100,
    "pendingPercent": 0,
    "other": 0,
    "hasOther": false,
    "skipped": 0,
    "hasSkipped": false
  },
  "results": [
    {
      "uuid": "af810629-f201-4e78-bf29-8fe67fe4fb5c",
      "title": "",
      "fullFile": "cypress/e2e/video-controls.cy.ts",
      "file": "cypress/e2e/video-controls.cy.ts",
      "beforeHooks": [],
      "afterHooks": [],
      "tests": [],
      "suites": [
        {
          "uuid": "0e9e97f8-d825-4441-b286-c8e156c8ab64",
          "title": "Video Controls",
          "fullFile": "",
          "file": "",
          "beforeHooks": [],
          "afterHooks": [],
          "tests": [
            {
              "title": "loads hardcoded sample video when Sample button is clicked",
              "fullTitle": "Video Controls loads hardcoded sample video when Sample button is clicked",
              "timedOut": null,
              "duration": 418,
              "state": "passed",
              "speed": "fast",
              "pass": true,
              "fail": false,
              "pending": false,
              "context": "\"screenshots/video-controls.cy.ts/loads hardcoded sample video when Sample button is clicked - final.png\"",
              "code": "cy.get('#load-hardcoded-btn').click();\n// Video should have a source\ncy.getVideoElement()\n    .should('have.prop', 'src')\n    .and('include', 'swing-sample.mp4');",
              "err": {},
              "uuid": "0d9921d4-717e-46af-bf58-2839c883d523",
              "parentUUID": "0e9e97f8-d825-4441-b286-c8e156c8ab64",
              "isHook": false,
              "skipped": false
            },
            {
              "title": "can toggle play/pause on loaded video",
              "fullTitle": "Video Controls can toggle play/pause on loaded video",
              "timedOut": null,
              "duration": 267,
              "state": "passed",
              "speed": "fast",
              "pass": true,
              "fail": false,
              "pending": false,
              "context": "\"screenshots/video-controls.cy.ts/can toggle play/pause on loaded video - final.png\"",
              "code": "// Load the sample video first\ncy.get('#load-hardcoded-btn').click();\n// Wait for video to load\ncy.getVideoElement().should('have.prop', 'readyState').and('be.gte', 2);\n// The video controls might be disabled if model isn't loaded\n// but we can still verify the buttons exist\ncy.get('#play-pause-btn').should('exist');",
              "err": {},
              "uuid": "e8a361fa-aece-4b76-a568-f15b5470059f",
              "parentUUID": "0e9e97f8-d825-4441-b286-c8e156c8ab64",
              "isHook": false,
              "skipped": false
            },
            {
              "title": "shows filmstrip section",
              "fullTitle": "Video Controls shows filmstrip section",
              "timedOut": null,
              "duration": 183,
              "state": "passed",
              "speed": "fast",
              "pass": true,
              "fail": false,
              "pending": false,
              "context": "\"screenshots/video-controls.cy.ts/shows filmstrip section - final.png\"",
              "code": "cy.get('.filmstrip-section').should('exist');\ncy.get('.filmstrip-container').should('exist');",
              "err": {},
              "uuid": "bfa30978-2e4e-4fac-9353-4e9a8530183f",
              "parentUUID": "0e9e97f8-d825-4441-b286-c8e156c8ab64",
              "isHook": false,
              "skipped": false
            },
            {
              "title": "shows file input for video upload",
              "fullTitle": "Video Controls shows file input for video upload",
              "timedOut": null,
              "duration": 137,
              "state": "passed",
              "speed": "fast",
              "pass": true,
              "fail": false,
              "pending": false,
              "context": "\"screenshots/video-controls.cy.ts/shows file input for video upload - final.png\"",
              "code": "cy.get('input#video-upload[type=\"file\"]').should('exist');\ncy.get('label.file-label').should('contain', 'File');",
              "err": {},
              "uuid": "d9dbfa90-0a46-488e-895a-f16eff31092b",
              "parentUUID": "0e9e97f8-d825-4441-b286-c8e156c8ab64",
              "isHook": false,
              "skipped": false
            }
          ],
          "suites": [],
          "passes": [
            "0d9921d4-717e-46af-bf58-2839c883d523",
            "e8a361fa-aece-4b76-a568-f15b5470059f",
            "bfa30978-2e4e-4fac-9353-4e9a8530183f",
            "d9dbfa90-0a46-488e-895a-f16eff31092b"
          ],
          "failures": [],
          "pending": [],
          "skipped": [],
          "duration": 1005,
          "root": false,
          "rootEmpty": false,
          "_timeout": 2000
        }
      ],
      "passes": [],
      "failures": [],
      "pending": [],
      "skipped": [],
      "duration": 0,
      "root": true,
      "rootEmpty": true,
      "_timeout": 2000
    }
  ],
  "meta": {
    "mocha": {
      "version": "7.2.0"
    },
    "mochawesome": {
      "options": {
        "quiet": false,
        "reportFilename": "mochawesome",
        "saveHtml": true,
        "saveJson": true,
        "consoleReporter": "spec",
        "useInlineDiffs": false,
        "code": true
      },
      "version": "7.1.4"
    },
    "marge": {
      "options": {
        "reportDir": "cypress/reports",
        "overwrite": false,
        "html": true,
        "json": true,
        "embeddedScreenshots": true,
        "inlineAssets": true
      },
      "version": "6.3.2"
    }
  }
}